proguard/seeds.txt
com.google.android.gms.fitness.request.DataTypeReadRequest: android.os.Parcelable$Creator CREATOR
com.google.android.gms.fitness.request.DataUpdateListenerRegistrationRequest: android.os.Parcelable$Creator CREATOR
com.google.android.gms.fitness.request.DataUpdateListenerUnregistrationRequest: android.os.Parcelable$Creator CREATOR
com.google.android.gms.fitness.request.DataUpdateRequest: android.os.Parcelable$Creator CREATOR
com.google.android.gms.fitness.request.DeleteAllUserDataRequest: android.os.Parcelable$Creator CREATOR
com.google.android.gms.fitness.request.DisableFitRequest: android.os.Parcelable$Creator CREATOR
com.google.android.gms.fitness.request.GetSyncInfoRequest: android.os.Parcelable$Creator CREATOR
com.google.android.gms.fitness.request.ListClaimedBleDevicesRequest: android.os.Parcelable$Creator CREATOR
com.google.android.gms.fitness.request.ListSubscriptionsRequest: android.os.Parcelable$Creator CREATOR
com.google.android.gms.fitness.request.ReadRawRequest: android.os.Parcelable$Creator CREATOR
com.google.android.gms.fitness.request.ReadStatsRequest: android.os.Parcelable$Creator CREATOR
com.google.android.gms.fitness.request.SensorRegistrationRequest: android.os.Parcelable$Creator CREATOR
com.google.android.gms.fitness.request.SensorUnregistrationRequest: android.os.Parcelable$Creator CREATOR
com.google.android.gms.fitness.request.SessionInsertRequest: android.os.Parcelable$Creator CREATOR
com.google.android.gms.fitness.request.SessionReadRequest: android.os.Parcelable$Creator CREATOR
com.google.android.gms.fitness.request.SessionRegistrationRequest: android.os.Parcelable$Creator CREATOR
com.google.android.gms.fitness.request.SessionStartRequest: android.os.Parcelable$Creator CREATOR
com.google.android.gms.fitness.request.SessionStopRequest: android.os.Parcelable$Creator CREATOR
com.google.android.gms.fitness.request.SessionUnregistrationRequest: android.os.Parcelable$Creator CREATOR
com.google.android.gms.fitness.request.StartBleScanRequest: android.os.Parcelable$Creator CREATOR
com.google.android.gms.fitness.request.StopBleScanRequest: android.os.Parcelable$Creator CREATOR
com.google.android.gms.fitness.request.SubscribeRequest: android.os.Parcelable$Creator CREATOR
com.google.android.gms.fitness.request.UnclaimBleDeviceRequest: android.os.Parcelable$Creator CREATOR
com.google.android.gms.fitness.request.UnsubscribeRequest: android.os.Parcelable$Creator CREATOR
com.google.android.gms.fitness.result.BleDevicesResult: android.os.Parcelable$Creator CREATOR
com.google.android.gms.fitness.result.DailyTotalResult: android.os.Parcelable$Creator CREATOR
com.google.android.gms.fitness.result.DataReadResult: android.os.Parcelable$Creator CREATOR
com.google.android.gms.fitness.result.DataSourceStatsResult: android.os.Parcelable$Creator CREATOR
com.google.android.gms.fitness.result.DataSourcesResult: android.os.Parcelable$Creator CREATOR
com.google.android.gms.fitness.result.DataStatsResult: android.os.Parcelable$Creator CREATOR
com.google.android.gms.fitness.result.DataTypeResult: android.os.Parcelable$Creator CREATOR
com.google.android.gms.fitness.result.ListSubscriptionsResult: android.os.Parcelable$Creator CREATOR
com.google.android.gms.fitness.result.ReadRawResult: android.os.Parcelable$Creator CREATOR
com.google.android.gms.fitness.result.SessionReadResult: android.os.Parcelable$Creator CREATOR
com.google.android.gms.fitness.result.SessionStopResult: android.os.Parcelable$Creator CREATOR
com.google.android.gms.fitness.result.SyncInfoResult: android.os.Parcelable$Creator CREATOR
com.google.android.gms.fitness.service.FitnessSensorServiceRequest: android.os.Parcelable$Creator CREATOR
com.google.android.gms.games.GameEntity: android.os.Parcelable$Creator CREATOR
com.google.android.gms.games.PlayerEntity: android.os.Parcelable$Creator CREATOR
com.google.android.gms.games.PlayerLevel: android.os.Parcelable$Creator CREATOR
com.google.android.gms.games.PlayerLevelInfo: android.os.Parcelable$Creator CREATOR