proguard/mapping.txt
com.google.android.gms.ads.mediation.MediationInterstitialListener -> com.google.android.gms.ads.e.g:
    void onAdLoaded(com.google.android.gms.ads.mediation.MediationInterstitialAdapter) -> a
    void onAdFailedToLoad(com.google.android.gms.ads.mediation.MediationInterstitialAdapter,int) -> a
    void onAdOpened(com.google.android.gms.ads.mediation.MediationInterstitialAdapter) -> b
    void onAdClosed(com.google.android.gms.ads.mediation.MediationInterstitialAdapter) -> c
    void onAdLeftApplication(com.google.android.gms.ads.mediation.MediationInterstitialAdapter) -> d
    void onAdClicked(com.google.android.gms.ads.mediation.MediationInterstitialAdapter) -> e
com.google.android.gms.ads.mediation.MediationNativeAdapter -> com.google.android.gms.ads.e.h:
    void requestNativeAd(android.content.Context,com.google.android.gms.ads.mediation.MediationNativeListener,android.os.Bundle,com.google.android.gms.ads.mediation.NativeMediationAdRequest,android.os.Bundle) -> a
com.google.android.gms.ads.mediation.MediationNativeListener -> com.google.android.gms.ads.e.i:
    void onAdLoaded(com.google.android.gms.ads.mediation.MediationNativeAdapter,com.google.android.gms.ads.mediation.NativeAdMapper) -> a
    void onAdFailedToLoad(com.google.android.gms.ads.mediation.MediationNativeAdapter,int) -> a
    void onAdOpened(com.google.android.gms.ads.mediation.MediationNativeAdapter) -> a
    void onAdClosed(com.google.android.gms.ads.mediation.MediationNativeAdapter) -> b
    void onAdLeftApplication(com.google.android.gms.ads.mediation.MediationNativeAdapter) -> c
    void onAdClicked(com.google.android.gms.ads.mediation.MediationNativeAdapter) -> d
com.google.android.gms.ads.mediation.NativeAdMapper -> com.google.android.gms.ads.e.j:
    boolean mOverrideImpressionRecording -> a
    boolean mOverrideClickHandling -> b
    android.os.Bundle mExtras -> c
    void setOverrideImpressionRecording(boolean) -> a
    void setOverrideClickHandling(boolean) -> b
    boolean getOverrideImpressionRecording() -> a
    boolean getOverrideClickHandling() -> b
    android.os.Bundle getExtras() -> c
    void trackView(android.view.View) -> a
    void recordImpression() -> d
    void handleClick(android.view.View) -> b
com.google.android.gms.ads.mediation.NativeAppInstallAdMapper -> com.google.android.gms.ads.e.k:
    java.lang.String zzxW -> d
    java.util.List zzxX -> e
    java.lang.String zzxY -> f
    com.google.android.gms.ads.formats.NativeAd$Image zzOo -> g
    java.lang.String zzya -> h
    double zzyb -> i
    java.lang.String zzyc -> j
    java.lang.String zzyd -> k
    void setHeadline(java.lang.String) -> a
    void setImages(java.util.List) -> a
    void setBody(java.lang.String) -> b
    void setIcon(com.google.android.gms.ads.formats.NativeAd$Image) -> a
    void setCallToAction(java.lang.String) -> c
    void setStarRating(double) -> a
    void setStore(java.lang.String) -> d
    void setPrice(java.lang.String) -> e
    java.lang.String getHeadline() -> e
    java.util.List getImages() -> f
    java.lang.String getBody() -> g
    com.google.android.gms.ads.formats.NativeAd$Image getIcon() -> h
    java.lang.String getCallToAction() -> i
    double getStarRating() -> j
    java.lang.String getStore() -> k
    java.lang.String getPrice() -> l