proguard/usage.txt
com.google.android.gms.internal.zzqn$zza$zza
com.google.android.gms.internal.zzqo
com.google.android.gms.internal.zzqo$zza
com.google.android.gms.internal.zzqo$zza$zza
com.google.android.gms.internal.zzqp
com.google.android.gms.internal.zzqp$zza
com.google.android.gms.internal.zzqp$zza$zza
com.google.android.gms.internal.zzqq
com.google.android.gms.internal.zzqq$1
com.google.android.gms.internal.zzqq$2
com.google.android.gms.internal.zzqq$3
com.google.android.gms.internal.zzqq$zza
com.google.android.gms.internal.zzqq$zzb
com.google.android.gms.internal.zzqq$zzc
com.google.android.gms.internal.zzqr
com.google.android.gms.internal.zzqs
com.google.android.gms.internal.zzqt
com.google.android.gms.internal.zzqu
com.google.android.gms.internal.zzqu$zza
com.google.android.gms.internal.zzqv
com.google.android.gms.internal.zzqv$1
com.google.android.gms.internal.zzqv$zza
com.google.android.gms.internal.zzqw
com.google.android.gms.internal.zzqx
com.google.android.gms.internal.zzqy
com.google.android.gms.internal.zzqy$1
com.google.android.gms.internal.zzqy$2
com.google.android.gms.internal.zzqy$3
com.google.android.gms.internal.zzqy$4
com.google.android.gms.internal.zzqy$zza
com.google.android.gms.internal.zzqy$zza$1
com.google.android.gms.internal.zzqy$zzb
com.google.android.gms.internal.zzqy$zzc
com.google.android.gms.internal.zzqz
com.google.android.gms.internal.zzqz$1
com.google.android.gms.internal.zzqz$2
com.google.android.gms.internal.zzqz$3
com.google.android.gms.internal.zzqz$4
com.google.android.gms.internal.zzqz$5
com.google.android.gms.internal.zzqz$zza
com.google.android.gms.internal.zzqz$zza$1
com.google.android.gms.internal.zzra
com.google.android.gms.internal.zzrb
com.google.android.gms.internal.zzrc
com.google.android.gms.internal.zzrc$zza
com.google.android.gms.internal.zzrc$zza$zza
com.google.android.gms.internal.zzrd
com.google.android.gms.internal.zzrd$zza
com.google.android.gms.internal.zzrd$zza$zza
com.google.android.gms.internal.zzre
com.google.android.gms.internal.zzre$1
com.google.android.gms.internal.zzre$2
com.google.android.gms.internal.zzre$zza
com.google.android.gms.internal.zzre$zzb
com.google.android.gms.internal.zzre$zzb$1
com.google.android.gms.internal.zzre$zzc
com.google.android.gms.internal.zzre$zzc$1
com.google.android.gms.internal.zzre$zzd
com.google.android.gms.internal.zzrf
com.google.android.gms.internal.zzrg
com.google.android.gms.internal.zzrh
com.google.android.gms.internal.zzrh$zza
com.google.android.gms.internal.zzrh$zza$zza
com.google.android.gms.internal.zzri
com.google.android.gms.internal.zzri$zza
com.google.android.gms.internal.zzri$zza$zza
com.google.android.gms.internal.zzrj
com.google.android.gms.internal.zzrk
com.google.android.gms.internal.zzrk$zza
com.google.android.gms.internal.zzrk$zzb
com.google.android.gms.internal.zzrk$zzb$1
com.google.android.gms.internal.zzrk$zzc
com.google.android.gms.internal.zzrk$zzc$1
com.google.android.gms.internal.zzrk$zzd
com.google.android.gms.internal.zzrp
com.google.android.gms.internal.zzrq
com.google.android.gms.internal.zzrq$zza
com.google.android.gms.internal.zzrr
com.google.android.gms.internal.zzrs
com.google.android.gms.internal.zzrs$1
com.google.android.gms.internal.zzrs$zza
com.google.android.gms.internal.zzrs$zzb
com.google.android.gms.internal.zzrs$zzc
com.google.android.gms.internal.zzrs$zzd
com.google.android.gms.internal.zzrs$zze
com.google.android.gms.internal.zzrs$zzf
com.google.android.gms.internal.zzrs$zzg
com.google.android.gms.internal.zzrt
com.google.android.gms.internal.zzru
com.google.android.gms.internal.zzrv
com.google.android.gms.internal.zzrw
com.google.android.gms.internal.zzrx
com.google.android.gms.internal.zzrx$zza
com.google.android.gms.internal.zzrx$zza$zza
com.google.android.gms.internal.zzry
com.google.android.gms.internal.zzry$zza
com.google.android.gms.internal.zzry$zza$zza
com.google.android.gms.internal.zzrz
com.google.android.gms.internal.zzrz$zza
com.google.android.gms.internal.zzrz$zza$zza